2024-04-12 12:15:56,057  com.AcharyaUniversity_ERP.Testcase.BaseClass_University url is opened  
2024-04-12 12:15:57,147  com.AcharyaUniversity_ERP.Testcase.BaseClass_University username is passed  
2024-04-12 12:15:57,344  com.AcharyaUniversity_ERP.Testcase.BaseClass_University password is passed  
2024-04-12 12:15:57,425  com.AcharyaUniversity_ERP.Testcase.BaseClass_University clicked on login  
2024-04-12 12:17:55,131  com.AcharyaUniversity_ERP.Testcase.BaseClass_University url is opened  
2024-04-12 12:17:56,234  com.AcharyaUniversity_ERP.Testcase.BaseClass_University username is passed  
2024-04-12 12:17:56,403  com.AcharyaUniversity_ERP.Testcase.BaseClass_University password is passed  
2024-04-12 12:17:56,483  com.AcharyaUniversity_ERP.Testcase.BaseClass_University clicked on login  
2024-04-12 12:19:34,350  com.AcharyaUniversity_ERP.Testcase.BaseClass_University url is opened  
2024-04-12 12:19:34,960  com.AcharyaUniversity_ERP.Testcase.BaseClass_University username is passed  
2024-04-12 12:19:35,653  com.AcharyaUniversity_ERP.Testcase.BaseClass_University password is passed  
2024-04-12 12:19:35,741  com.AcharyaUniversity_ERP.Testcase.BaseClass_University clicked on login  
2024-04-12 12:24:34,870  com.AcharyaUniversity_ERP.Testcase.BaseClass_University url is opened  
2024-04-12 12:24:35,885  com.AcharyaUniversity_ERP.Testcase.BaseClass_University username is passed  
2024-04-12 12:24:36,078  com.AcharyaUniversity_ERP.Testcase.BaseClass_University password is passed  
2024-04-12 12:24:36,162  com.AcharyaUniversity_ERP.Testcase.BaseClass_University clicked on login  
2024-04-12 12:25:27,140  com.AcharyaUniversity_ERP.Testcase.BaseClass_University url is opened  
2024-04-12 12:25:27,488  com.AcharyaUniversity_ERP.Testcase.BaseClass_University username is passed  
2024-04-12 12:25:27,739  com.AcharyaUniversity_ERP.Testcase.BaseClass_University password is passed  
2024-04-12 12:25:27,823  com.AcharyaUniversity_ERP.Testcase.BaseClass_University clicked on login  
2024-04-12 12:30:43,489  com.AcharyaUniversity_ERP.Testcase.BaseClass_University url is opened  
2024-04-12 12:30:44,077  com.AcharyaUniversity_ERP.Testcase.BaseClass_University username is passed  
2024-04-12 12:30:44,275  com.AcharyaUniversity_ERP.Testcase.BaseClass_University password is passed  
2024-04-12 12:30:44,389  com.AcharyaUniversity_ERP.Testcase.BaseClass_University clicked on login  
2024-04-12 12:32:46,993  com.AcharyaUniversity_ERP.Testcase.BaseClass_University url is opened  
2024-04-12 12:32:47,575  com.AcharyaUniversity_ERP.Testcase.BaseClass_University username is passed  
2024-04-12 12:32:47,765  com.AcharyaUniversity_ERP.Testcase.BaseClass_University password is passed  
2024-04-12 12:32:47,880  com.AcharyaUniversity_ERP.Testcase.BaseClass_University clicked on login  
2024-04-12 12:35:33,774  com.AcharyaUniversity_ERP.Testcase.BaseClass_University url is opened  
2024-04-12 12:35:34,291  com.AcharyaUniversity_ERP.Testcase.BaseClass_University username is passed  
2024-04-12 12:35:34,497  com.AcharyaUniversity_ERP.Testcase.BaseClass_University password is passed  
2024-04-12 12:35:34,585  com.AcharyaUniversity_ERP.Testcase.BaseClass_University clicked on login  
2024-04-12 12:38:30,377  com.AcharyaUniversity_ERP.Testcase.BaseClass_University url is opened  
2024-04-12 12:38:30,943  com.AcharyaUniversity_ERP.Testcase.BaseClass_University username is passed  
2024-04-12 12:38:31,132  com.AcharyaUniversity_ERP.Testcase.BaseClass_University password is passed  
2024-04-12 12:38:31,291  com.AcharyaUniversity_ERP.Testcase.BaseClass_University clicked on login  
2024-04-12 12:43:21,488  com.AcharyaUniversity_ERP.Testcase.BaseClass_University url is opened  
2024-04-12 12:43:21,865  com.AcharyaUniversity_ERP.Testcase.BaseClass_University username is passed  
2024-04-12 12:43:22,613  com.AcharyaUniversity_ERP.Testcase.BaseClass_University password is passed  
2024-04-12 12:43:22,707  com.AcharyaUniversity_ERP.Testcase.BaseClass_University clicked on login  
2024-04-12 12:43:47,837  com.AcharyaUniversity_ERP.Testcase.BaseClass_University url is opened  
2024-04-12 12:43:48,785  com.AcharyaUniversity_ERP.Testcase.BaseClass_University username is passed  
2024-04-12 12:43:48,970  com.AcharyaUniversity_ERP.Testcase.BaseClass_University password is passed  
2024-04-12 12:43:49,058  com.AcharyaUniversity_ERP.Testcase.BaseClass_University clicked on login  
2024-04-12 12:45:00,483  com.AcharyaUniversity_ERP.Testcase.BaseClass_University url is opened  
2024-04-12 12:45:01,563  com.AcharyaUniversity_ERP.Testcase.BaseClass_University username is passed  
2024-04-12 12:45:01,744  com.AcharyaUniversity_ERP.Testcase.BaseClass_University password is passed  
2024-04-12 12:45:01,829  com.AcharyaUniversity_ERP.Testcase.BaseClass_University clicked on login  
2024-04-12 12:48:04,524  com.AcharyaUniversity_ERP.Testcase.BaseClass_University url is opened  
2024-04-12 12:48:04,850  com.AcharyaUniversity_ERP.Testcase.BaseClass_University username is passed  
2024-04-12 12:48:05,053  com.AcharyaUniversity_ERP.Testcase.BaseClass_University password is passed  
2024-04-12 12:48:05,205  com.AcharyaUniversity_ERP.Testcase.BaseClass_University clicked on login  
2024-04-12 12:48:31,394  com.AcharyaUniversity_ERP.Testcase.BaseClass_University url is opened  
2024-04-12 12:48:32,324  com.AcharyaUniversity_ERP.Testcase.BaseClass_University username is passed  
2024-04-12 12:48:32,515  com.AcharyaUniversity_ERP.Testcase.BaseClass_University password is passed  
2024-04-12 12:48:32,597  com.AcharyaUniversity_ERP.Testcase.BaseClass_University clicked on login  
2024-04-12 12:52:32,429  com.AcharyaUniversity_ERP.Testcase.BaseClass_University url is opened  
2024-04-12 12:52:32,902  com.AcharyaUniversity_ERP.Testcase.BaseClass_University username is passed  
2024-04-12 12:52:33,083  com.AcharyaUniversity_ERP.Testcase.BaseClass_University password is passed  
2024-04-12 12:52:33,170  com.AcharyaUniversity_ERP.Testcase.BaseClass_University clicked on login  
2024-04-12 12:54:21,643  com.AcharyaUniversity_ERP.Testcase.BaseClass_University url is opened  
2024-04-12 12:54:22,062  com.AcharyaUniversity_ERP.Testcase.BaseClass_University username is passed  
2024-04-12 12:54:22,857  com.AcharyaUniversity_ERP.Testcase.BaseClass_University password is passed  
2024-04-12 12:54:22,943  com.AcharyaUniversity_ERP.Testcase.BaseClass_University clicked on login  
2024-04-12 12:56:31,903  com.AcharyaUniversity_ERP.Testcase.BaseClass_University url is opened  
2024-04-12 12:56:32,265  com.AcharyaUniversity_ERP.Testcase.BaseClass_University username is passed  
2024-04-12 12:56:33,183  com.AcharyaUniversity_ERP.Testcase.BaseClass_University password is passed  
2024-04-12 12:56:33,263  com.AcharyaUniversity_ERP.Testcase.BaseClass_University clicked on login  
2024-04-12 13:01:08,220  com.AcharyaUniversity_ERP.Testcase.BaseClass_University url is opened  
2024-04-12 13:01:09,137  com.AcharyaUniversity_ERP.Testcase.BaseClass_University username is passed  
2024-04-12 13:01:09,320  com.AcharyaUniversity_ERP.Testcase.BaseClass_University password is passed  
2024-04-12 13:01:09,408  com.AcharyaUniversity_ERP.Testcase.BaseClass_University clicked on login  
2024-04-12 13:01:51,955  com.AcharyaUniversity_ERP.Testcase.BaseClass_University url is opened  
2024-04-12 13:01:52,560  com.AcharyaUniversity_ERP.Testcase.BaseClass_University username is passed  
2024-04-12 13:01:52,764  com.AcharyaUniversity_ERP.Testcase.BaseClass_University password is passed  
2024-04-12 13:01:52,845  com.AcharyaUniversity_ERP.Testcase.BaseClass_University clicked on login  
2024-04-12 13:03:55,409  com.AcharyaUniversity_ERP.Testcase.BaseClass_University url is opened  
2024-04-12 13:03:55,762  com.AcharyaUniversity_ERP.Testcase.BaseClass_University username is passed  
2024-04-12 13:03:55,982  com.AcharyaUniversity_ERP.Testcase.BaseClass_University password is passed  
2024-04-12 13:03:56,117  com.AcharyaUniversity_ERP.Testcase.BaseClass_University clicked on login  
2024-04-12 13:07:36,546  com.AcharyaUniversity_ERP.Testcase.BaseClass_University url is opened  
2024-04-12 13:07:36,883  com.AcharyaUniversity_ERP.Testcase.BaseClass_University username is passed  
2024-04-12 13:07:37,073  com.AcharyaUniversity_ERP.Testcase.BaseClass_University password is passed  
2024-04-12 13:07:37,211  com.AcharyaUniversity_ERP.Testcase.BaseClass_University clicked on login  
2024-04-12 13:08:23,177  com.AcharyaUniversity_ERP.Testcase.BaseClass_University url is opened  
2024-04-12 13:08:24,058  com.AcharyaUniversity_ERP.Testcase.BaseClass_University username is passed  
2024-04-12 13:08:24,356  com.AcharyaUniversity_ERP.Testcase.BaseClass_University password is passed  
2024-04-12 13:08:24,494  com.AcharyaUniversity_ERP.Testcase.BaseClass_University clicked on login  
2024-04-12 13:13:17,395  com.AcharyaUniversity_ERP.Testcase.BaseClass_University url is opened  
2024-04-12 13:13:17,752  com.AcharyaUniversity_ERP.Testcase.BaseClass_University username is passed  
2024-04-12 13:13:17,933  com.AcharyaUniversity_ERP.Testcase.BaseClass_University password is passed  
2024-04-12 13:13:18,116  com.AcharyaUniversity_ERP.Testcase.BaseClass_University clicked on login  
2024-04-12 13:14:19,442  com.AcharyaUniversity_ERP.Testcase.BaseClass_University url is opened  
2024-04-12 13:14:19,774  com.AcharyaUniversity_ERP.Testcase.BaseClass_University username is passed  
2024-04-12 13:14:20,015  com.AcharyaUniversity_ERP.Testcase.BaseClass_University password is passed  
2024-04-12 13:14:20,129  com.AcharyaUniversity_ERP.Testcase.BaseClass_University clicked on login  
2024-04-12 13:21:08,645  com.AcharyaUniversity_ERP.Testcase.BaseClass_University url is opened  
2024-04-12 13:21:09,635  com.AcharyaUniversity_ERP.Testcase.BaseClass_University username is passed  
2024-04-12 13:21:09,835  com.AcharyaUniversity_ERP.Testcase.BaseClass_University password is passed  
2024-04-12 13:21:09,926  com.AcharyaUniversity_ERP.Testcase.BaseClass_University clicked on login  
2024-04-12 13:25:49,056  com.AcharyaUniversity_ERP.Testcase.BaseClass_University url is opened  
2024-04-12 13:25:50,184  com.AcharyaUniversity_ERP.Testcase.BaseClass_University username is passed  
2024-04-12 13:25:50,355  com.AcharyaUniversity_ERP.Testcase.BaseClass_University password is passed  
2024-04-12 13:25:50,434  com.AcharyaUniversity_ERP.Testcase.BaseClass_University clicked on login  
2024-04-12 14:18:53,972  com.AcharyaUniversity_ERP.Testcase.BaseClass_University url is opened  
2024-04-12 14:18:54,371  com.AcharyaUniversity_ERP.Testcase.BaseClass_University username is passed  
2024-04-12 14:18:55,269  com.AcharyaUniversity_ERP.Testcase.BaseClass_University password is passed  
2024-04-12 14:18:55,352  com.AcharyaUniversity_ERP.Testcase.BaseClass_University clicked on login  
2024-04-12 14:22:01,547  com.AcharyaUniversity_ERP.Testcase.BaseClass_University url is opened  
2024-04-12 14:22:01,879  com.AcharyaUniversity_ERP.Testcase.BaseClass_University username is passed  
2024-04-12 14:22:02,547  com.AcharyaUniversity_ERP.Testcase.BaseClass_University password is passed  
2024-04-12 14:22:02,653  com.AcharyaUniversity_ERP.Testcase.BaseClass_University clicked on login  
2024-04-12 14:22:59,224  com.AcharyaUniversity_ERP.Testcase.BaseClass_University url is opened  
2024-04-12 14:22:59,667  com.AcharyaUniversity_ERP.Testcase.BaseClass_University username is passed  
2024-04-12 14:23:00,377  com.AcharyaUniversity_ERP.Testcase.BaseClass_University password is passed  
2024-04-12 14:23:00,468  com.AcharyaUniversity_ERP.Testcase.BaseClass_University clicked on login  
2024-04-12 14:24:04,482  com.AcharyaUniversity_ERP.Testcase.BaseClass_University url is opened  
2024-04-12 14:24:04,817  com.AcharyaUniversity_ERP.Testcase.BaseClass_University username is passed  
2024-04-12 14:24:05,655  com.AcharyaUniversity_ERP.Testcase.BaseClass_University password is passed  
2024-04-12 14:24:05,746  com.AcharyaUniversity_ERP.Testcase.BaseClass_University clicked on login  
2024-04-12 14:26:27,426  com.AcharyaUniversity_ERP.Testcase.BaseClass_University url is opened  
2024-04-12 14:26:27,748  com.AcharyaUniversity_ERP.Testcase.BaseClass_University username is passed  
2024-04-12 14:26:28,669  com.AcharyaUniversity_ERP.Testcase.BaseClass_University password is passed  
2024-04-12 14:26:28,756  com.AcharyaUniversity_ERP.Testcase.BaseClass_University clicked on login  
2024-04-12 14:27:33,284  com.AcharyaUniversity_ERP.Testcase.BaseClass_University url is opened  
2024-04-12 14:27:33,655  com.AcharyaUniversity_ERP.Testcase.BaseClass_University username is passed  
2024-04-12 14:27:33,821  com.AcharyaUniversity_ERP.Testcase.BaseClass_University password is passed  
2024-04-12 14:27:33,937  com.AcharyaUniversity_ERP.Testcase.BaseClass_University clicked on login  
2024-04-12 14:31:13,806  com.AcharyaUniversity_ERP.Testcase.BaseClass_University url is opened  
2024-04-12 14:31:14,184  com.AcharyaUniversity_ERP.Testcase.BaseClass_University username is passed  
2024-04-12 14:31:14,384  com.AcharyaUniversity_ERP.Testcase.BaseClass_University password is passed  
2024-04-12 14:31:14,464  com.AcharyaUniversity_ERP.Testcase.BaseClass_University clicked on login  
2024-04-12 14:33:31,859  com.AcharyaUniversity_ERP.Testcase.BaseClass_University url is opened  
2024-04-12 14:33:32,237  com.AcharyaUniversity_ERP.Testcase.BaseClass_University username is passed  
2024-04-12 14:33:32,463  com.AcharyaUniversity_ERP.Testcase.BaseClass_University password is passed  
2024-04-12 14:33:32,546  com.AcharyaUniversity_ERP.Testcase.BaseClass_University clicked on login  
2024-04-12 16:20:06,866  com.AcharyaUniversity_ERP.Testcase.BaseClass_University url is opened  
2024-04-12 16:20:07,321  com.AcharyaUniversity_ERP.Testcase.BaseClass_University username is passed  
2024-04-12 16:20:07,537  com.AcharyaUniversity_ERP.Testcase.BaseClass_University password is passed  
2024-04-12 16:20:07,643  com.AcharyaUniversity_ERP.Testcase.BaseClass_University clicked on login  
2024-04-12 16:20:46,465  com.AcharyaUniversity_ERP.Testcase.BaseClass_University url is opened  
2024-04-12 16:20:46,838  com.AcharyaUniversity_ERP.Testcase.BaseClass_University username is passed  
2024-04-12 16:20:47,049  com.AcharyaUniversity_ERP.Testcase.BaseClass_University password is passed  
2024-04-12 16:20:47,158  com.AcharyaUniversity_ERP.Testcase.BaseClass_University clicked on login  
2024-04-12 16:50:40,472  com.AcharyaUniversity_ERP.Testcase.BaseClass_University url is opened  
2024-04-12 16:50:40,866  com.AcharyaUniversity_ERP.Testcase.BaseClass_University username is passed  
2024-04-12 16:50:41,092  com.AcharyaUniversity_ERP.Testcase.BaseClass_University password is passed  
2024-04-12 16:50:41,200  com.AcharyaUniversity_ERP.Testcase.BaseClass_University clicked on login  
2024-04-12 16:54:08,567  com.AcharyaUniversity_ERP.Testcase.BaseClass_University url is opened  
2024-04-12 16:54:08,943  com.AcharyaUniversity_ERP.Testcase.BaseClass_University username is passed  
2024-04-12 16:54:09,173  com.AcharyaUniversity_ERP.Testcase.BaseClass_University password is passed  
2024-04-12 16:54:09,255  com.AcharyaUniversity_ERP.Testcase.BaseClass_University clicked on login  
2024-04-12 16:57:49,542  com.AcharyaUniversity_ERP.Testcase.BaseClass_University url is opened  
2024-04-12 16:57:50,111  com.AcharyaUniversity_ERP.Testcase.BaseClass_University username is passed  
2024-04-12 16:57:50,303  com.AcharyaUniversity_ERP.Testcase.BaseClass_University password is passed  
2024-04-12 16:57:50,431  com.AcharyaUniversity_ERP.Testcase.BaseClass_University clicked on login  
2024-04-12 16:58:46,265  com.AcharyaUniversity_ERP.Testcase.BaseClass_University url is opened  
2024-04-12 16:58:46,620  com.AcharyaUniversity_ERP.Testcase.BaseClass_University username is passed  
2024-04-12 16:58:46,804  com.AcharyaUniversity_ERP.Testcase.BaseClass_University password is passed  
2024-04-12 16:58:46,885  com.AcharyaUniversity_ERP.Testcase.BaseClass_University clicked on login  
2024-04-18 15:23:20,076  com.AcharyaUniversity_ERP.Testcase.BaseClass_University url is opened  
2024-04-22 11:05:55,628  com.AcharyaUniversity_ERP.Testcase.BaseClass_University url is opened  
2024-04-22 11:05:56,144  com.AcharyaUniversity_ERP.Testcase.BaseClass_University username is passed  
2024-04-22 11:05:56,388  com.AcharyaUniversity_ERP.Testcase.BaseClass_University password is passed  
2024-04-22 11:05:56,469  com.AcharyaUniversity_ERP.Testcase.BaseClass_University clicked on login  
2024-04-22 11:34:12,266  com.AcharyaUniversity_ERP.Testcase.BaseClass_University url is opened  
2024-04-22 11:34:12,914  com.AcharyaUniversity_ERP.Testcase.BaseClass_University username is passed  
2024-04-22 11:34:13,134  com.AcharyaUniversity_ERP.Testcase.BaseClass_University password is passed  
2024-04-22 11:34:13,317  com.AcharyaUniversity_ERP.Testcase.BaseClass_University clicked on login  
2024-04-22 11:35:02,103  com.AcharyaUniversity_ERP.Testcase.BaseClass_University url is opened  
2024-04-22 11:35:02,445  com.AcharyaUniversity_ERP.Testcase.BaseClass_University username is passed  
2024-04-22 11:35:02,704  com.AcharyaUniversity_ERP.Testcase.BaseClass_University password is passed  
2024-04-22 11:35:02,789  com.AcharyaUniversity_ERP.Testcase.BaseClass_University clicked on login  
2024-04-22 11:41:08,076  com.AcharyaUniversity_ERP.Testcase.BaseClass_University url is opened  
2024-04-22 11:41:08,449  com.AcharyaUniversity_ERP.Testcase.BaseClass_University username is passed  
2024-04-22 11:41:08,666  com.AcharyaUniversity_ERP.Testcase.BaseClass_University password is passed  
2024-04-22 11:41:08,751  com.AcharyaUniversity_ERP.Testcase.BaseClass_University clicked on login  
2024-04-22 11:49:43,314  com.AcharyaUniversity_ERP.Testcase.BaseClass_University url is opened  
2024-04-22 11:49:43,767  com.AcharyaUniversity_ERP.Testcase.BaseClass_University username is passed  
2024-04-22 11:49:44,018  com.AcharyaUniversity_ERP.Testcase.BaseClass_University password is passed  
2024-04-22 11:49:44,104  com.AcharyaUniversity_ERP.Testcase.BaseClass_University clicked on login  
2024-04-22 11:53:53,898  com.AcharyaUniversity_ERP.Testcase.BaseClass_University url is opened  
2024-04-22 11:53:54,519  com.AcharyaUniversity_ERP.Testcase.BaseClass_University username is passed  
2024-04-22 11:53:54,764  com.AcharyaUniversity_ERP.Testcase.BaseClass_University password is passed  
2024-04-22 11:53:54,853  com.AcharyaUniversity_ERP.Testcase.BaseClass_University clicked on login  
2024-04-22 12:04:17,554  com.AcharyaUniversity_ERP.Testcase.BaseClass_University url is opened  
2024-04-22 12:04:17,917  com.AcharyaUniversity_ERP.Testcase.BaseClass_University username is passed  
2024-04-22 12:04:18,142  com.AcharyaUniversity_ERP.Testcase.BaseClass_University password is passed  
2024-04-22 12:04:18,246  com.AcharyaUniversity_ERP.Testcase.BaseClass_University clicked on login  
2024-04-22 12:04:47,808  com.AcharyaUniversity_ERP.Testcase.BaseClass_University url is opened  
2024-04-22 12:04:48,345  com.AcharyaUniversity_ERP.Testcase.BaseClass_University username is passed  
2024-04-22 12:04:48,546  com.AcharyaUniversity_ERP.Testcase.BaseClass_University password is passed  
2024-04-22 12:04:48,645  com.AcharyaUniversity_ERP.Testcase.BaseClass_University clicked on login  
2024-04-22 12:07:56,583  com.AcharyaUniversity_ERP.Testcase.BaseClass_University url is opened  
2024-04-22 12:07:56,939  com.AcharyaUniversity_ERP.Testcase.BaseClass_University username is passed  
2024-04-22 12:07:57,199  com.AcharyaUniversity_ERP.Testcase.BaseClass_University password is passed  
2024-04-22 12:07:57,314  com.AcharyaUniversity_ERP.Testcase.BaseClass_University clicked on login  
2024-04-22 12:09:04,235  com.AcharyaUniversity_ERP.Testcase.BaseClass_University url is opened  
2024-04-22 12:09:04,805  com.AcharyaUniversity_ERP.Testcase.BaseClass_University username is passed  
2024-04-22 12:09:05,011  com.AcharyaUniversity_ERP.Testcase.BaseClass_University password is passed  
2024-04-22 12:09:05,141  com.AcharyaUniversity_ERP.Testcase.BaseClass_University clicked on login  
2024-04-22 12:42:05,567  com.AcharyaUniversity_ERP.Testcase.BaseClass_University url is opened  
2024-04-22 12:42:05,929  com.AcharyaUniversity_ERP.Testcase.BaseClass_University username is passed  
2024-04-22 12:42:06,185  com.AcharyaUniversity_ERP.Testcase.BaseClass_University password is passed  
2024-04-22 12:42:06,270  com.AcharyaUniversity_ERP.Testcase.BaseClass_University clicked on login  
2024-04-22 12:43:54,739  com.AcharyaUniversity_ERP.Testcase.BaseClass_University url is opened  
2024-04-22 12:43:55,112  com.AcharyaUniversity_ERP.Testcase.BaseClass_University username is passed  
2024-04-22 12:43:55,323  com.AcharyaUniversity_ERP.Testcase.BaseClass_University password is passed  
2024-04-22 12:43:55,407  com.AcharyaUniversity_ERP.Testcase.BaseClass_University clicked on login  
2024-04-22 12:46:30,510  com.AcharyaUniversity_ERP.Testcase.BaseClass_University url is opened  
2024-04-22 12:46:30,856  com.AcharyaUniversity_ERP.Testcase.BaseClass_University username is passed  
2024-04-22 12:46:31,171  com.AcharyaUniversity_ERP.Testcase.BaseClass_University password is passed  
2024-04-22 12:46:31,297  com.AcharyaUniversity_ERP.Testcase.BaseClass_University clicked on login  
2024-04-22 12:52:06,760  com.AcharyaUniversity_ERP.Testcase.BaseClass_University url is opened  
2024-04-22 12:52:07,116  com.AcharyaUniversity_ERP.Testcase.BaseClass_University username is passed  
2024-04-22 12:52:07,351  com.AcharyaUniversity_ERP.Testcase.BaseClass_University password is passed  
2024-04-22 12:52:07,444  com.AcharyaUniversity_ERP.Testcase.BaseClass_University clicked on login  
2024-04-22 14:44:35,474  com.AcharyaUniversity_ERP.Testcase.BaseClass_University url is opened  
2024-04-22 14:44:35,803  com.AcharyaUniversity_ERP.Testcase.BaseClass_University username is passed  
2024-04-22 14:44:35,979  com.AcharyaUniversity_ERP.Testcase.BaseClass_University password is passed  
2024-04-22 14:44:36,138  com.AcharyaUniversity_ERP.Testcase.BaseClass_University clicked on login  
2024-04-22 14:45:46,434  com.AcharyaUniversity_ERP.Testcase.BaseClass_University url is opened  
2024-04-22 14:45:47,105  com.AcharyaUniversity_ERP.Testcase.BaseClass_University username is passed  
2024-04-22 14:45:47,290  com.AcharyaUniversity_ERP.Testcase.BaseClass_University password is passed  
2024-04-22 14:45:47,381  com.AcharyaUniversity_ERP.Testcase.BaseClass_University clicked on login  
2024-04-22 14:47:51,539  com.AcharyaUniversity_ERP.Testcase.BaseClass_University url is opened  
2024-04-22 14:47:52,183  com.AcharyaUniversity_ERP.Testcase.BaseClass_University username is passed  
2024-04-22 14:47:52,390  com.AcharyaUniversity_ERP.Testcase.BaseClass_University password is passed  
2024-04-22 14:47:52,477  com.AcharyaUniversity_ERP.Testcase.BaseClass_University clicked on login  
2024-04-22 14:48:34,979  com.AcharyaUniversity_ERP.Testcase.BaseClass_University url is opened  
2024-04-22 14:48:36,090  com.AcharyaUniversity_ERP.Testcase.BaseClass_University username is passed  
2024-04-22 14:48:36,520  com.AcharyaUniversity_ERP.Testcase.BaseClass_University password is passed  
2024-04-22 14:48:36,632  com.AcharyaUniversity_ERP.Testcase.BaseClass_University clicked on login  
2024-04-22 14:54:31,385  com.AcharyaUniversity_ERP.Testcase.BaseClass_University url is opened  
2024-04-22 14:58:28,338  com.AcharyaUniversity_ERP.Testcase.BaseClass_University url is opened  
2024-04-22 15:00:10,978  com.AcharyaUniversity_ERP.Testcase.BaseClass_University url is opened  
2024-04-22 15:00:11,357  com.AcharyaUniversity_ERP.Testcase.BaseClass_University username is passed  
2024-04-22 15:00:11,611  com.AcharyaUniversity_ERP.Testcase.BaseClass_University password is passed  
2024-04-22 15:00:11,695  com.AcharyaUniversity_ERP.Testcase.BaseClass_University clicked on login  
2024-04-22 15:01:47,494  com.AcharyaUniversity_ERP.Testcase.BaseClass_University url is opened  
2024-04-22 15:01:47,828  com.AcharyaUniversity_ERP.Testcase.BaseClass_University username is passed  
2024-04-22 15:01:48,048  com.AcharyaUniversity_ERP.Testcase.BaseClass_University password is passed  
2024-04-22 15:01:48,198  com.AcharyaUniversity_ERP.Testcase.BaseClass_University clicked on login  
2024-04-22 15:05:08,666  com.AcharyaUniversity_ERP.Testcase.BaseClass_University url is opened  
2024-04-22 15:05:08,992  com.AcharyaUniversity_ERP.Testcase.BaseClass_University username is passed  
2024-04-22 15:05:09,257  com.AcharyaUniversity_ERP.Testcase.BaseClass_University password is passed  
2024-04-22 15:05:09,335  com.AcharyaUniversity_ERP.Testcase.BaseClass_University clicked on login  
2024-04-22 15:05:40,841  com.AcharyaUniversity_ERP.Testcase.BaseClass_University url is opened  
2024-04-22 15:05:41,195  com.AcharyaUniversity_ERP.Testcase.BaseClass_University username is passed  
2024-04-22 15:05:41,419  com.AcharyaUniversity_ERP.Testcase.BaseClass_University password is passed  
2024-04-22 15:05:41,497  com.AcharyaUniversity_ERP.Testcase.BaseClass_University clicked on login  
2024-04-22 15:06:49,283  com.AcharyaUniversity_ERP.Testcase.BaseClass_University url is opened  
2024-04-22 15:06:49,634  com.AcharyaUniversity_ERP.Testcase.BaseClass_University username is passed  
2024-04-22 15:06:49,886  com.AcharyaUniversity_ERP.Testcase.BaseClass_University password is passed  
2024-04-22 15:06:49,966  com.AcharyaUniversity_ERP.Testcase.BaseClass_University clicked on login  
2024-04-22 15:08:05,636  com.AcharyaUniversity_ERP.Testcase.BaseClass_University url is opened  
2024-04-22 15:08:06,500  com.AcharyaUniversity_ERP.Testcase.BaseClass_University username is passed  
2024-04-22 15:08:06,745  com.AcharyaUniversity_ERP.Testcase.BaseClass_University password is passed  
2024-04-22 15:08:06,902  com.AcharyaUniversity_ERP.Testcase.BaseClass_University clicked on login  
2024-04-22 15:12:31,688  com.AcharyaUniversity_ERP.Testcase.BaseClass_University url is opened  
2024-04-22 15:12:32,094  com.AcharyaUniversity_ERP.Testcase.BaseClass_University username is passed  
2024-04-22 15:12:32,392  com.AcharyaUniversity_ERP.Testcase.BaseClass_University password is passed  
2024-04-22 15:12:32,521  com.AcharyaUniversity_ERP.Testcase.BaseClass_University clicked on login  
2024-04-22 15:14:10,630  com.AcharyaUniversity_ERP.Testcase.BaseClass_University url is opened  
2024-04-22 15:14:10,958  com.AcharyaUniversity_ERP.Testcase.BaseClass_University username is passed  
2024-04-22 15:14:11,239  com.AcharyaUniversity_ERP.Testcase.BaseClass_University password is passed  
2024-04-22 15:14:11,372  com.AcharyaUniversity_ERP.Testcase.BaseClass_University clicked on login  
2024-04-22 15:16:01,863  com.AcharyaUniversity_ERP.Testcase.BaseClass_University url is opened  
2024-04-22 15:16:02,282  com.AcharyaUniversity_ERP.Testcase.BaseClass_University username is passed  
2024-04-22 15:16:02,568  com.AcharyaUniversity_ERP.Testcase.BaseClass_University password is passed  
2024-04-22 15:16:02,647  com.AcharyaUniversity_ERP.Testcase.BaseClass_University clicked on login  
2024-04-22 15:18:19,923  com.AcharyaUniversity_ERP.Testcase.BaseClass_University url is opened  
2024-04-22 15:18:20,251  com.AcharyaUniversity_ERP.Testcase.BaseClass_University username is passed  
2024-04-22 15:18:20,506  com.AcharyaUniversity_ERP.Testcase.BaseClass_University password is passed  
2024-04-22 15:18:20,617  com.AcharyaUniversity_ERP.Testcase.BaseClass_University clicked on login  
2024-04-22 15:20:39,398  com.AcharyaUniversity_ERP.Testcase.BaseClass_University url is opened  
2024-04-22 15:20:39,750  com.AcharyaUniversity_ERP.Testcase.BaseClass_University username is passed  
2024-04-22 15:20:39,957  com.AcharyaUniversity_ERP.Testcase.BaseClass_University password is passed  
2024-04-22 15:20:40,063  com.AcharyaUniversity_ERP.Testcase.BaseClass_University clicked on login  
2024-04-22 15:21:13,093  com.AcharyaUniversity_ERP.Testcase.BaseClass_University url is opened  
2024-04-22 15:21:13,493  com.AcharyaUniversity_ERP.Testcase.BaseClass_University username is passed  
2024-04-22 15:21:13,774  com.AcharyaUniversity_ERP.Testcase.BaseClass_University password is passed  
2024-04-22 15:21:13,912  com.AcharyaUniversity_ERP.Testcase.BaseClass_University clicked on login  
2024-04-22 15:22:03,409  com.AcharyaUniversity_ERP.Testcase.BaseClass_University url is opened  
2024-04-22 15:22:03,747  com.AcharyaUniversity_ERP.Testcase.BaseClass_University username is passed  
2024-04-22 15:22:04,020  com.AcharyaUniversity_ERP.Testcase.BaseClass_University password is passed  
2024-04-22 15:22:04,121  com.AcharyaUniversity_ERP.Testcase.BaseClass_University clicked on login  
2024-04-22 15:23:58,153  com.AcharyaUniversity_ERP.Testcase.BaseClass_University url is opened  
2024-04-22 15:23:58,512  com.AcharyaUniversity_ERP.Testcase.BaseClass_University username is passed  
2024-04-22 15:23:58,767  com.AcharyaUniversity_ERP.Testcase.BaseClass_University password is passed  
2024-04-22 15:23:58,885  com.AcharyaUniversity_ERP.Testcase.BaseClass_University clicked on login  
2024-04-22 15:31:13,124  com.AcharyaUniversity_ERP.Testcase.BaseClass_University url is opened  
2024-04-22 15:31:13,465  com.AcharyaUniversity_ERP.Testcase.BaseClass_University username is passed  
2024-04-22 15:31:13,703  com.AcharyaUniversity_ERP.Testcase.BaseClass_University password is passed  
2024-04-22 15:31:13,809  com.AcharyaUniversity_ERP.Testcase.BaseClass_University clicked on login  
2024-04-22 15:54:06,564  com.AcharyaUniversity_ERP.Testcase.BaseClass_University url is opened  
2024-04-22 15:54:06,924  com.AcharyaUniversity_ERP.Testcase.BaseClass_University username is passed  
2024-04-22 15:54:07,183  com.AcharyaUniversity_ERP.Testcase.BaseClass_University password is passed  
2024-04-22 15:54:07,270  com.AcharyaUniversity_ERP.Testcase.BaseClass_University clicked on login  
2024-04-22 15:55:43,137  com.AcharyaUniversity_ERP.Testcase.BaseClass_University url is opened  
2024-04-22 15:55:43,456  com.AcharyaUniversity_ERP.Testcase.BaseClass_University username is passed  
2024-04-22 15:55:43,683  com.AcharyaUniversity_ERP.Testcase.BaseClass_University password is passed  
2024-04-22 15:55:43,785  com.AcharyaUniversity_ERP.Testcase.BaseClass_University clicked on login  
2024-04-22 15:56:56,214  com.AcharyaUniversity_ERP.Testcase.BaseClass_University url is opened  
2024-04-22 15:56:56,585  com.AcharyaUniversity_ERP.Testcase.BaseClass_University username is passed  
2024-04-22 15:56:56,841  com.AcharyaUniversity_ERP.Testcase.BaseClass_University password is passed  
2024-04-22 15:56:56,932  com.AcharyaUniversity_ERP.Testcase.BaseClass_University clicked on login  
2024-04-22 15:58:19,133  com.AcharyaUniversity_ERP.Testcase.BaseClass_University url is opened  
2024-04-22 15:59:27,354  com.AcharyaUniversity_ERP.Testcase.BaseClass_University url is opened  
2024-04-22 16:00:07,733  com.AcharyaUniversity_ERP.Testcase.BaseClass_University url is opened  
2024-04-22 16:00:28,557  com.AcharyaUniversity_ERP.Testcase.BaseClass_University username is passed  
2024-04-22 16:00:34,917  com.AcharyaUniversity_ERP.Testcase.BaseClass_University password is passed  
2024-04-22 16:00:39,476  com.AcharyaUniversity_ERP.Testcase.BaseClass_University clicked on login  
2024-04-22 16:11:24,788  com.AcharyaUniversity_ERP.Testcase.BaseClass_University url is opened  
2024-04-22 16:12:19,159  com.AcharyaUniversity_ERP.Testcase.BaseClass_University url is opened  
2024-04-22 16:13:32,938  com.AcharyaUniversity_ERP.Testcase.BaseClass_University url is opened  
2024-04-22 16:13:59,546  com.AcharyaUniversity_ERP.Testcase.BaseClass_University url is opened  
2024-04-22 16:14:59,236  com.AcharyaUniversity_ERP.Testcase.BaseClass_University url is opened  
2024-04-22 16:15:00,201  com.AcharyaUniversity_ERP.Testcase.BaseClass_University username is passed  
2024-04-22 16:15:00,425  com.AcharyaUniversity_ERP.Testcase.BaseClass_University password is passed  
2024-04-22 16:15:00,506  com.AcharyaUniversity_ERP.Testcase.BaseClass_University clicked on login  
2024-04-22 16:15:18,980  com.AcharyaUniversity_ERP.Testcase.BaseClass_University username is passed  
2024-04-22 16:15:20,644  com.AcharyaUniversity_ERP.Testcase.BaseClass_University password is passed  
2024-04-22 16:15:22,340  com.AcharyaUniversity_ERP.Testcase.BaseClass_University clicked on login  
2024-04-22 16:16:27,996  com.AcharyaUniversity_ERP.Testcase.BaseClass_University url is opened  
2024-04-22 16:16:28,350  com.AcharyaUniversity_ERP.Testcase.BaseClass_University username is passed  
2024-04-22 16:16:28,599  com.AcharyaUniversity_ERP.Testcase.BaseClass_University password is passed  
2024-04-22 16:16:28,683  com.AcharyaUniversity_ERP.Testcase.BaseClass_University clicked on login  
2024-04-22 16:19:09,250  com.AcharyaUniversity_ERP.Testcase.BaseClass_University url is opened  
2024-04-22 16:19:09,608  com.AcharyaUniversity_ERP.Testcase.BaseClass_University username is passed  
2024-04-22 16:19:09,845  com.AcharyaUniversity_ERP.Testcase.BaseClass_University password is passed  
2024-04-22 16:19:09,935  com.AcharyaUniversity_ERP.Testcase.BaseClass_University clicked on login  
2024-04-22 16:21:08,860  com.AcharyaUniversity_ERP.Testcase.BaseClass_University url is opened  
2024-04-22 16:21:09,280  com.AcharyaUniversity_ERP.Testcase.BaseClass_University username is passed  
2024-04-22 16:21:09,451  com.AcharyaUniversity_ERP.Testcase.BaseClass_University password is passed  
2024-04-22 16:21:09,572  com.AcharyaUniversity_ERP.Testcase.BaseClass_University clicked on login  
2024-04-22 16:22:38,293  com.AcharyaUniversity_ERP.Testcase.BaseClass_University url is opened  
2024-04-22 16:22:38,714  com.AcharyaUniversity_ERP.Testcase.BaseClass_University username is passed  
2024-04-22 16:22:38,928  com.AcharyaUniversity_ERP.Testcase.BaseClass_University password is passed  
2024-04-22 16:22:39,010  com.AcharyaUniversity_ERP.Testcase.BaseClass_University clicked on login  
2024-04-22 16:24:49,861  com.AcharyaUniversity_ERP.Testcase.BaseClass_University url is opened  
2024-04-22 16:24:50,215  com.AcharyaUniversity_ERP.Testcase.BaseClass_University username is passed  
2024-04-22 16:24:50,435  com.AcharyaUniversity_ERP.Testcase.BaseClass_University password is passed  
2024-04-22 16:24:50,559  com.AcharyaUniversity_ERP.Testcase.BaseClass_University clicked on login  
2024-04-22 16:27:19,786  com.AcharyaUniversity_ERP.Testcase.BaseClass_University url is opened  
2024-04-22 16:27:20,978  com.AcharyaUniversity_ERP.Testcase.BaseClass_University username is passed  
2024-04-22 16:27:21,185  com.AcharyaUniversity_ERP.Testcase.BaseClass_University password is passed  
2024-04-22 16:27:21,277  com.AcharyaUniversity_ERP.Testcase.BaseClass_University clicked on login  
2024-04-22 16:28:00,099  com.AcharyaUniversity_ERP.Testcase.BaseClass_University url is opened  
2024-04-22 16:28:00,730  com.AcharyaUniversity_ERP.Testcase.BaseClass_University username is passed  
2024-04-22 16:28:00,901  com.AcharyaUniversity_ERP.Testcase.BaseClass_University password is passed  
2024-04-22 16:28:00,985  com.AcharyaUniversity_ERP.Testcase.BaseClass_University clicked on login  
2024-04-22 16:33:57,500  com.AcharyaUniversity_ERP.Testcase.BaseClass_University url is opened  
2024-04-22 16:33:58,209  com.AcharyaUniversity_ERP.Testcase.BaseClass_University username is passed  
2024-04-22 16:33:58,408  com.AcharyaUniversity_ERP.Testcase.BaseClass_University password is passed  
2024-04-22 16:33:58,562  com.AcharyaUniversity_ERP.Testcase.BaseClass_University clicked on login  
2024-04-22 16:36:53,772  com.AcharyaUniversity_ERP.Testcase.BaseClass_University url is opened  
2024-04-22 16:36:54,714  com.AcharyaUniversity_ERP.Testcase.BaseClass_University username is passed  
2024-04-22 16:36:54,970  com.AcharyaUniversity_ERP.Testcase.BaseClass_University password is passed  
2024-04-22 16:36:55,050  com.AcharyaUniversity_ERP.Testcase.BaseClass_University clicked on login  
2024-04-22 16:41:59,094  com.AcharyaUniversity_ERP.Testcase.BaseClass_University url is opened  
2024-04-22 16:41:59,525  com.AcharyaUniversity_ERP.Testcase.BaseClass_University username is passed  
2024-04-22 16:41:59,778  com.AcharyaUniversity_ERP.Testcase.BaseClass_University password is passed  
2024-04-22 16:41:59,866  com.AcharyaUniversity_ERP.Testcase.BaseClass_University clicked on login  
2024-04-22 16:42:32,805  com.AcharyaUniversity_ERP.Testcase.BaseClass_University url is opened  
2024-04-22 16:42:33,261  com.AcharyaUniversity_ERP.Testcase.BaseClass_University username is passed  
2024-04-22 16:42:33,496  com.AcharyaUniversity_ERP.Testcase.BaseClass_University password is passed  
2024-04-22 16:42:33,582  com.AcharyaUniversity_ERP.Testcase.BaseClass_University clicked on login  
2024-04-22 16:44:19,483  com.AcharyaUniversity_ERP.Testcase.BaseClass_University url is opened  
2024-04-22 16:44:19,850  com.AcharyaUniversity_ERP.Testcase.BaseClass_University username is passed  
2024-04-22 16:44:20,049  com.AcharyaUniversity_ERP.Testcase.BaseClass_University password is passed  
2024-04-22 16:44:20,174  com.AcharyaUniversity_ERP.Testcase.BaseClass_University clicked on login  
2024-04-22 16:49:50,544  com.AcharyaUniversity_ERP.Testcase.BaseClass_University url is opened  
2024-04-22 16:49:51,551  com.AcharyaUniversity_ERP.Testcase.BaseClass_University username is passed  
2024-04-22 16:49:51,801  com.AcharyaUniversity_ERP.Testcase.BaseClass_University password is passed  
2024-04-22 16:49:51,928  com.AcharyaUniversity_ERP.Testcase.BaseClass_University clicked on login  
2024-04-22 16:50:20,602  com.AcharyaUniversity_ERP.Testcase.BaseClass_University url is opened  
2024-04-22 16:50:20,964  com.AcharyaUniversity_ERP.Testcase.BaseClass_University username is passed  
2024-04-22 16:50:21,181  com.AcharyaUniversity_ERP.Testcase.BaseClass_University password is passed  
2024-04-22 16:50:21,266  com.AcharyaUniversity_ERP.Testcase.BaseClass_University clicked on login  
2024-04-22 16:55:29,617  com.AcharyaUniversity_ERP.Testcase.BaseClass_University url is opened  
2024-04-22 16:55:29,949  com.AcharyaUniversity_ERP.Testcase.BaseClass_University username is passed  
2024-04-22 16:55:30,169  com.AcharyaUniversity_ERP.Testcase.BaseClass_University password is passed  
2024-04-22 16:55:30,277  com.AcharyaUniversity_ERP.Testcase.BaseClass_University clicked on login  
2024-04-22 16:57:25,022  com.AcharyaUniversity_ERP.Testcase.BaseClass_University url is opened  
2024-04-22 16:57:25,406  com.AcharyaUniversity_ERP.Testcase.BaseClass_University username is passed  
2024-04-22 16:57:25,655  com.AcharyaUniversity_ERP.Testcase.BaseClass_University password is passed  
2024-04-22 16:57:25,738  com.AcharyaUniversity_ERP.Testcase.BaseClass_University clicked on login  
2024-04-22 16:58:24,454  com.AcharyaUniversity_ERP.Testcase.BaseClass_University url is opened  
2024-04-22 16:58:24,774  com.AcharyaUniversity_ERP.Testcase.BaseClass_University username is passed  
2024-04-22 16:58:25,035  com.AcharyaUniversity_ERP.Testcase.BaseClass_University password is passed  
2024-04-22 16:58:25,121  com.AcharyaUniversity_ERP.Testcase.BaseClass_University clicked on login  
2024-04-22 16:59:42,495  com.AcharyaUniversity_ERP.Testcase.BaseClass_University url is opened  
2024-04-22 16:59:42,878  com.AcharyaUniversity_ERP.Testcase.BaseClass_University username is passed  
2024-04-22 16:59:43,083  com.AcharyaUniversity_ERP.Testcase.BaseClass_University password is passed  
2024-04-22 16:59:43,177  com.AcharyaUniversity_ERP.Testcase.BaseClass_University clicked on login  
2024-04-22 17:01:41,926  com.AcharyaUniversity_ERP.Testcase.BaseClass_University url is opened  
2024-04-22 17:01:42,332  com.AcharyaUniversity_ERP.Testcase.BaseClass_University username is passed  
2024-04-22 17:01:42,551  com.AcharyaUniversity_ERP.Testcase.BaseClass_University password is passed  
2024-04-22 17:01:42,631  com.AcharyaUniversity_ERP.Testcase.BaseClass_University clicked on login  
2024-04-22 17:15:51,930  com.AcharyaUniversity_ERP.Testcase.BaseClass_University url is opened  
2024-04-22 17:15:52,256  com.AcharyaUniversity_ERP.Testcase.BaseClass_University username is passed  
2024-04-22 17:15:52,531  com.AcharyaUniversity_ERP.Testcase.BaseClass_University password is passed  
2024-04-22 17:15:52,617  com.AcharyaUniversity_ERP.Testcase.BaseClass_University clicked on login  
2024-04-22 17:19:23,644  com.AcharyaUniversity_ERP.Testcase.BaseClass_University url is opened  
2024-04-22 17:19:23,979  com.AcharyaUniversity_ERP.Testcase.BaseClass_University username is passed  
2024-04-22 17:19:24,152  com.AcharyaUniversity_ERP.Testcase.BaseClass_University password is passed  
2024-04-22 17:19:24,332  com.AcharyaUniversity_ERP.Testcase.BaseClass_University clicked on login  
2024-04-22 17:23:17,870  com.AcharyaUniversity_ERP.Testcase.BaseClass_University url is opened  
2024-04-22 17:23:18,546  com.AcharyaUniversity_ERP.Testcase.BaseClass_University username is passed  
2024-04-22 17:23:18,729  com.AcharyaUniversity_ERP.Testcase.BaseClass_University password is passed  
2024-04-22 17:23:18,818  com.AcharyaUniversity_ERP.Testcase.BaseClass_University clicked on login  
2024-04-22 17:23:56,550  com.AcharyaUniversity_ERP.Testcase.BaseClass_University url is opened  
2024-04-22 17:23:57,204  com.AcharyaUniversity_ERP.Testcase.BaseClass_University username is passed  
2024-04-22 17:23:57,399  com.AcharyaUniversity_ERP.Testcase.BaseClass_University password is passed  
2024-04-22 17:23:57,477  com.AcharyaUniversity_ERP.Testcase.BaseClass_University clicked on login  
2024-04-22 17:24:54,398  com.AcharyaUniversity_ERP.Testcase.BaseClass_University url is opened  
2024-04-22 17:24:54,850  com.AcharyaUniversity_ERP.Testcase.BaseClass_University username is passed  
2024-04-22 17:24:55,274  com.AcharyaUniversity_ERP.Testcase.BaseClass_University password is passed  
2024-04-22 17:24:55,356  com.AcharyaUniversity_ERP.Testcase.BaseClass_University clicked on login  
2024-04-22 17:25:39,068  com.AcharyaUniversity_ERP.Testcase.BaseClass_University url is opened  
2024-04-22 17:25:39,728  com.AcharyaUniversity_ERP.Testcase.BaseClass_University username is passed  
2024-04-22 17:25:39,923  com.AcharyaUniversity_ERP.Testcase.BaseClass_University password is passed  
2024-04-22 17:25:40,007  com.AcharyaUniversity_ERP.Testcase.BaseClass_University clicked on login  
2024-04-22 17:27:32,874  com.AcharyaUniversity_ERP.Testcase.BaseClass_University url is opened  
2024-04-22 17:27:33,249  com.AcharyaUniversity_ERP.Testcase.BaseClass_University username is passed  
2024-04-22 17:27:33,760  com.AcharyaUniversity_ERP.Testcase.BaseClass_University password is passed  
2024-04-22 17:27:33,847  com.AcharyaUniversity_ERP.Testcase.BaseClass_University clicked on login  
2024-04-22 17:35:32,631  com.AcharyaUniversity_ERP.Testcase.BaseClass_University url is opened  
2024-04-22 17:35:32,953  com.AcharyaUniversity_ERP.Testcase.BaseClass_University username is passed  
2024-04-22 17:35:33,186  com.AcharyaUniversity_ERP.Testcase.BaseClass_University password is passed  
2024-04-22 17:35:33,322  com.AcharyaUniversity_ERP.Testcase.BaseClass_University clicked on login  
2024-04-22 17:39:11,206  com.AcharyaUniversity_ERP.Testcase.BaseClass_University url is opened  
2024-04-22 17:39:11,530  com.AcharyaUniversity_ERP.Testcase.BaseClass_University username is passed  
2024-04-22 17:39:11,814  com.AcharyaUniversity_ERP.Testcase.BaseClass_University password is passed  
2024-04-22 17:39:11,903  com.AcharyaUniversity_ERP.Testcase.BaseClass_University clicked on login  
2024-04-22 17:39:41,696  com.AcharyaUniversity_ERP.Testcase.BaseClass_University url is opened  
2024-04-22 17:39:41,999  com.AcharyaUniversity_ERP.Testcase.BaseClass_University username is passed  
2024-04-22 17:39:42,203  com.AcharyaUniversity_ERP.Testcase.BaseClass_University password is passed  
2024-04-22 17:39:42,352  com.AcharyaUniversity_ERP.Testcase.BaseClass_University clicked on login  
2024-04-22 17:46:10,453  com.AcharyaUniversity_ERP.Testcase.BaseClass_University url is opened  
2024-04-22 17:46:10,827  com.AcharyaUniversity_ERP.Testcase.BaseClass_University username is passed  
2024-04-22 17:46:11,032  com.AcharyaUniversity_ERP.Testcase.BaseClass_University password is passed  
2024-04-22 17:46:11,122  com.AcharyaUniversity_ERP.Testcase.BaseClass_University clicked on login  
